#
# A fatal error has been detected by the Java Runtime Environment:
#
#  EXCEPTION_ACCESS_VIOLATION (0xc0000005) at pc=0x6e97dfdb, pid=560, tid=3752
#
# JRE version: Java(TM) SE Runtime Environment (7.0_60-b19) (build 1.7.0_60-b19)
# Java VM: Java HotSpot(TM) Client VM (24.60-b09 mixed mode windows-x86 )
# Problematic frame:
# V  [jvm.dll+0xddfdb]
#
# Failed to write core dump. Minidumps are not enabled by default on client versions of Windows
#
# If you would like to submit a bug report, please visit:
#   http://bugreport.sun.com/bugreport/crash.jsp
#

---------------  T H R E A D  ---------------

Current thread (0x16524800):  JavaThread "JDWP Transport Listener: dt_socket" daemon [_thread_in_vm, id=3752, stack(0x167b0000,0x16800000)]

siginfo: ExceptionCode=0xc0000005, reading address 0x16005629

Registers:
EAX=0x16005629, EBX=0x00000000, ECX=0x16005629, EDX=0x00000000
ESP=0x167ff9c4, EBP=0x167ff9c8, ESI=0x003c6970, EDI=0x167ffaa8
EIP=0x6e97dfdb, EFLAGS=0x00010202

Top of Stack: (sp=0x167ff9c4)
0x167ff9c4:   003c6970 167ff9f0 6eab080a 16005629
0x167ff9d4:   167ffa2b 16524800 00000000 00000000
0x167ff9e4:   00000000 16524800 16524800 167ffa2c
0x167ff9f4:   6d6c9d8d 003c6970 16005629 167ffa2b
0x167ffa04:   16005629 6d6b436d 16005629 167ffa2b
0x167ffa14:   00000005 00000000 00000000 0000000a
0x167ffa24:   00000000 006510ac 167ffa4c 6d6b44e0
0x167ffa34:   00000001 167ffa68 167ffaa4 16638fc8 

Instructions: (pc=0x6e97dfdb)
0x6e97dfbb:   89 4f 04 8b 56 0c 89 57 08 8b 46 10 89 47 0c 5f
0x6e97dfcb:   5e 5d c2 0c 00 55 8b ec 8b 45 08 56 85 c0 74 28
0x6e97dfdb:   8b 30 85 f6 74 22 81 fe fe fe fe fe 74 1a 8b 4e
0x6e97dfeb:   04 8b 41 08 8b 90 90 00 00 00 83 c1 08 ff d2 84 


Register to memory mapping:

EAX=0x16005629 is an unallocated location in the heap
EBX=0x00000000 is an unknown value
ECX=0x16005629 is an unallocated location in the heap
EDX=0x00000000 is an unknown value
ESP=0x167ff9c4 is pointing into the stack for thread: 0x16524800
EBP=0x167ff9c8 is pointing into the stack for thread: 0x16524800
ESI=0x003c6970 is an unknown value
EDI=0x167ffaa8 is pointing into the stack for thread: 0x16524800


Stack: [0x167b0000,0x16800000],  sp=0x167ff9c4,  free space=318k
Native frames: (J=compiled Java code, j=interpreted, Vv=VM code, C=native code)
V  [jvm.dll+0xddfdb]
V  [jvm.dll+0x21080a]
C  [jdwp.dll+0x19d8d]
C  [jdwp.dll+0x44e0]
C  [jdwp.dll+0x451e]


---------------  P R O C E S S  ---------------

Java Threads: ( => current thread )
  0x1653b400 JavaThread "Service Thread" daemon [_thread_blocked, id=1948, stack(0x168f0000,0x16940000)]
  0x16532400 JavaThread "C1 CompilerThread0" daemon [_thread_blocked, id=2880, stack(0x168a0000,0x168f0000)]
  0x16528c00 JavaThread "JDWP Command Reader" daemon [_thread_in_native, id=828, stack(0x16850000,0x168a0000)]
  0x16527000 JavaThread "JDWP Event Helper Thread" daemon [_thread_blocked, id=3320, stack(0x16800000,0x16850000)]
=>0x16524800 JavaThread "JDWP Transport Listener: dt_socket" daemon [_thread_in_vm, id=3752, stack(0x167b0000,0x16800000)]
  0x16517c00 JavaThread "Attach Listener" daemon [_thread_blocked, id=3240, stack(0x16760000,0x167b0000)]
  0x16516400 JavaThread "Signal Dispatcher" daemon [_thread_blocked, id=2152, stack(0x16710000,0x16760000)]
  0x02ab6400 JavaThread "Finalizer" daemon [_thread_blocked, id=3576, stack(0x164a0000,0x164f0000)]
  0x02ab1400 JavaThread "Reference Handler" daemon [_thread_blocked, id=2932, stack(0x16450000,0x164a0000)]
  0x003cac00 JavaThread "main" [_thread_in_native, id=3632, stack(0x008c0000,0x00910000)]

Other Threads:
  0x02aae800 VMThread [stack: 0x16400000,0x16450000] [id=2156]
  0x16557400 WatcherThread [stack: 0x16940000,0x16990000] [id=3780]

VM state:not at safepoint (normal execution)

VM Mutex/Monitor currently owned by a thread: None

Heap
 def new generation   total 4736K, used 2940K [0x02c00000, 0x03120000, 0x07ea0000)
  eden space 4224K,  69% used [0x02c00000, 0x02edf230, 0x03020000)
  from space 512K,   0% used [0x03020000, 0x03020000, 0x030a0000)
  to   space 512K,   0% used [0x030a0000, 0x030a0000, 0x03120000)
 tenured generation   total 10624K, used 0K [0x07ea0000, 0x08900000, 0x12400000)
   the space 10624K,   0% used [0x07ea0000, 0x07ea0000, 0x07ea0200, 0x08900000)
 compacting perm gen  total 12288K, used 2650K [0x12400000, 0x13000000, 0x16400000)
   the space 12288K,  21% used [0x12400000, 0x12696b28, 0x12696c00, 0x13000000)
No shared spaces configured.

Card table byte_map: [0x02ac0000,0x02b60000] byte_map_base: 0x02aaa000

Polling page: 0x00910000

Code Cache  [0x00940000, 0x009f8000, 0x02940000)
 total_blobs=206 nmethods=80 adapters=71 free_code_cache=32038Kb largest_free_block=32807232

Compilation events (10 events):
Event: 0.742 Thread 0x16532400   76  s          java.io.BufferedInputStream::read (49 bytes)
Event: 0.742 Thread 0x16532400 nmethod 76 0x009f4f48 code [0x009f5070, 0x009f5354]
Event: 0.888 Thread 0x16532400   77             java.util.ArrayList::rangeCheck (22 bytes)
Event: 0.888 Thread 0x16532400 nmethod 77 0x009f5748 code [0x009f58a0, 0x009f5b4c]
Event: 0.888 Thread 0x16532400   78             java.util.ArrayList::elementData (7 bytes)
Event: 0.888 Thread 0x16532400 nmethod 78 0x009f5e48 code [0x009f5f40, 0x009f5fe0]
Event: 0.888 Thread 0x16532400   79             java.util.ArrayList::get (11 bytes)
Event: 0.888 Thread 0x16532400 nmethod 79 0x009f6088 code [0x009f61b0, 0x009f62e4]
Event: 92.976 Thread 0x16532400   80             java.util.HashMap$Entry::<init> (26 bytes)
Event: 92.976 Thread 0x16532400 nmethod 80 0x009f64c8 code [0x009f65c0, 0x009f6680]

GC Heap History (0 events):
No events

Deoptimization events (0 events):
No events

Internal exceptions (10 events):
Event: 0.734 Thread 0x003cac00 Threw 0x02e91430 at C:\re\jdk7u60\1081\hotspot\src\share\vm\prims\jvm.cpp:1244
Event: 0.734 Thread 0x003cac00 Threw 0x02e91548 at C:\re\jdk7u60\1081\hotspot\src\share\vm\prims\jvm.cpp:1244
Event: 0.735 Thread 0x003cac00 Threw 0x02e94e48 at C:\re\jdk7u60\1081\hotspot\src\share\vm\prims\jvm.cpp:1244
Event: 0.735 Thread 0x003cac00 Threw 0x02e94f60 at C:\re\jdk7u60\1081\hotspot\src\share\vm\prims\jvm.cpp:1244
Event: 0.888 Thread 0x003cac00 Threw 0x02ea21a0 at C:\re\jdk7u60\1081\hotspot\src\share\vm\prims\jvm.cpp:1244
Event: 18.784 Thread 0x003cac00 Threw 0x02eb0568 at C:\re\jdk7u60\1081\hotspot\src\share\vm\prims\jvm.cpp:1244
Event: 19.134 Thread 0x003cac00 Threw 0x02eb4c28 at C:\re\jdk7u60\1081\hotspot\src\share\vm\prims\jvm.cpp:1244
Event: 19.267 Thread 0x003cac00 Threw 0x02ebbb50 at C:\re\jdk7u60\1081\hotspot\src\share\vm\prims\jvm.cpp:1244
Event: 19.272 Thread 0x003cac00 Threw 0x02ec1e80 at C:\re\jdk7u60\1081\hotspot\src\share\vm\runtime\sharedRuntime.cpp:591
Event: 19.274 Thread 0x003cac00 Threw 0x02ec39c8 at C:\re\jdk7u60\1081\hotspot\src\share\vm\prims\jvm.cpp:1244

Events (10 events):
Event: 7423.702 Executing VM operation: RedefineClasses
Event: 7423.702 Executing VM operation: RedefineClasses done
Event: 7423.750 Executing VM operation: ChangeBreakpoints
Event: 7423.751 Executing VM operation: ChangeBreakpoints done
Event: 7423.751 Executing VM operation: ChangeBreakpoints
Event: 7423.752 Executing VM operation: ChangeBreakpoints done
Event: 7423.753 Executing VM operation: ChangeBreakpoints
Event: 7423.753 Executing VM operation: ChangeBreakpoints done
Event: 7423.756 Executing VM operation: ChangeBreakpoints
Event: 7423.757 Executing VM operation: ChangeBreakpoints done


Dynamic libraries:
0x00400000 - 0x0042f000 	C:\Program Files\Java\jdk1.7.0_60\bin\java.exe
0x7c900000 - 0x7c9b0000 	C:\WINDOWS\system32\ntdll.dll
0x7c800000 - 0x7c8f8000 	C:\WINDOWS\system32\kernel32.dll
0x77dc0000 - 0x77e6c000 	C:\WINDOWS\system32\ADVAPI32.dll
0x77e70000 - 0x77f02000 	C:\WINDOWS\system32\RPCRT4.dll
0x77fe0000 - 0x77ff1000 	C:\WINDOWS\system32\Secur32.dll
0x7e360000 - 0x7e3f1000 	C:\WINDOWS\system32\USER32.dll
0x77f10000 - 0x77f59000 	C:\WINDOWS\system32\GDI32.dll
0x773c0000 - 0x774c3000 	C:\WINDOWS\WinSxS\x86_Microsoft.Windows.Common-Controls_6595b64144ccf1df_6.0.2600.5512_x-ww_35d4ce83\COMCTL32.dll
0x77c00000 - 0x77c58000 	C:\WINDOWS\system32\msvcrt.dll
0x77f60000 - 0x77fd6000 	C:\WINDOWS\system32\SHLWAPI.dll
0x78aa0000 - 0x78b5f000 	C:\Program Files\Java\jdk1.7.0_60\jre\bin\msvcr100.dll
0x6e8a0000 - 0x6ec28000 	C:\Program Files\Java\jdk1.7.0_60\jre\bin\client\jvm.dll
0x71ab0000 - 0x71aba000 	C:\WINDOWS\system32\WSOCK32.dll
0x71a90000 - 0x71aa7000 	C:\WINDOWS\system32\WS2_32.dll
0x71a80000 - 0x71a88000 	C:\WINDOWS\system32\WS2HELP.dll
0x76b20000 - 0x76b4e000 	C:\WINDOWS\system32\WINMM.dll
0x76be0000 - 0x76beb000 	C:\WINDOWS\system32\PSAPI.DLL
0x6e7f0000 - 0x6e7fc000 	C:\Program Files\Java\jdk1.7.0_60\jre\bin\verify.dll
0x6d590000 - 0x6d5b0000 	C:\Program Files\Java\jdk1.7.0_60\jre\bin\java.dll
0x6d6b0000 - 0x6d6da000 	C:\Program Files\Java\jdk1.7.0_60\jre\bin\jdwp.dll
0x6e670000 - 0x6e677000 	C:\Program Files\Java\jdk1.7.0_60\jre\bin\npt.dll
0x6e880000 - 0x6e893000 	C:\Program Files\Java\jdk1.7.0_60\jre\bin\zip.dll
0x6d350000 - 0x6d358000 	C:\Program Files\Java\jdk1.7.0_60\jre\bin\dt_socket.dll
0x71a30000 - 0x71a70000 	C:\WINDOWS\system32\mswsock.dll
0x698b0000 - 0x69908000 	C:\WINDOWS\system32\hnetcfg.dll
0x71a70000 - 0x71a78000 	C:\WINDOWS\System32\wshtcpip.dll
0x59c60000 - 0x59d01000 	C:\WINDOWS\system32\dbghelp.dll
0x77bf0000 - 0x77bf8000 	C:\WINDOWS\system32\VERSION.dll

VM Arguments:
jvm_args: -agentlib:jdwp=transport=dt_socket,address=127.0.0.1:1441,suspend=y,server=n -Dfile.encoding=UTF-8 
java_command: com.agn.cmdparser.Main
Launcher Type: SUN_STANDARD

Environment Variables:
PATH=C:\Program Files\JetBrains\IntelliJ IDEA 11.0\bin\..\.\bin;C:\WINDOWS\system32;C:\WINDOWS;C:\WINDOWS\System32\Wbem;C:\Program Files\Java\jdk1.7.0_60\bin;c:\program files\jetbrains\intellij idea 11.0\jre\jre\bin
USERNAME=Andrey
OS=Windows_NT
PROCESSOR_IDENTIFIER=x86 Family 6 Model 42 Stepping 7, GenuineIntel



---------------  S Y S T E M  ---------------

OS: Windows XP Build 2600 Service Pack 3

CPU:total 1 (1 cores per cpu, 1 threads per core) family 6 model 42 stepping 7, cmov, cx8, fxsr, mmx, sse, sse2, sse3, ssse3, tsc

Memory: 4k page, physical 1013232k(229356k free), swap 1904804k(1222672k free)

vm_info: Java HotSpot(TM) Client VM (24.60-b09) for windows-x86 JRE (1.7.0_60-b19), built on May  7 2014 13:09:52 by "java_re" with unknown MS VC++:1600

time: Fri Jul 25 19:06:27 2014
elapsed time: 7424 seconds

